Determining if the pthread_create exist failed with the following output:
Change Dir: /home/automanuser/3d_labeling_tools/cpp/build/CMakeFiles/CMakeTmp

Run Build Command:"/usr/bin/make" "cmTC_31cae/fast"
/usr/bin/make -f CMakeFiles/cmTC_31cae.dir/build.make CMakeFiles/cmTC_31cae.dir/build
make[1]: ディレクトリ '/home/automanuser/3d_labeling_tools/cpp/build/CMakeFiles/CMakeTmp' に入ります
Building C object CMakeFiles/cmTC_31cae.dir/CheckSymbolExists.c.o
/usr/bin/cc     -o CMakeFiles/cmTC_31cae.dir/CheckSymbolExists.c.o   -c /home/automanuser/3d_labeling_tools/cpp/build/CMakeFiles/CMakeTmp/CheckSymbolExists.c
Linking C executable cmTC_31cae
/usr/bin/cmake -E cmake_link_script CMakeFiles/cmTC_31cae.dir/link.txt --verbose=1
/usr/bin/cc       CMakeFiles/cmTC_31cae.dir/CheckSymbolExists.c.o  -o cmTC_31cae -rdynamic 
CMakeFiles/cmTC_31cae.dir/CheckSymbolExists.c.o: 関数 `main' 内:
CheckSymbolExists.c:(.text+0x16): `pthread_create' に対する定義されていない参照です
collect2: error: ld returned 1 exit status
CMakeFiles/cmTC_31cae.dir/build.make:97: ターゲット 'cmTC_31cae' のレシピで失敗しました
make[1]: *** [cmTC_31cae] エラー 1
make[1]: ディレクトリ '/home/automanuser/3d_labeling_tools/cpp/build/CMakeFiles/CMakeTmp' から出ます
Makefile:126: ターゲット 'cmTC_31cae/fast' のレシピで失敗しました
make: *** [cmTC_31cae/fast] エラー 2

File /home/automanuser/3d_labeling_tools/cpp/build/CMakeFiles/CMakeTmp/CheckSymbolExists.c:
/* */
#include <pthread.h>

int main(int argc, char** argv)
{
  (void)argv;
#ifndef pthread_create
  return ((int*)(&pthread_create))[argc];
#else
  (void)argc;
  return 0;
#endif
}

Determining if the function pthread_create exists in the pthreads failed with the following output:
Change Dir: /home/automanuser/3d_labeling_tools/cpp/build/CMakeFiles/CMakeTmp

Run Build Command:"/usr/bin/make" "cmTC_3fdd5/fast"
/usr/bin/make -f CMakeFiles/cmTC_3fdd5.dir/build.make CMakeFiles/cmTC_3fdd5.dir/build
make[1]: ディレクトリ '/home/automanuser/3d_labeling_tools/cpp/build/CMakeFiles/CMakeTmp' に入ります
Building C object CMakeFiles/cmTC_3fdd5.dir/CheckFunctionExists.c.o
/usr/bin/cc    -DCHECK_FUNCTION_EXISTS=pthread_create   -o CMakeFiles/cmTC_3fdd5.dir/CheckFunctionExists.c.o   -c /usr/share/cmake-3.5/Modules/CheckFunctionExists.c
Linking C executable cmTC_3fdd5
/usr/bin/cmake -E cmake_link_script CMakeFiles/cmTC_3fdd5.dir/link.txt --verbose=1
/usr/bin/cc   -DCHECK_FUNCTION_EXISTS=pthread_create    CMakeFiles/cmTC_3fdd5.dir/CheckFunctionExists.c.o  -o cmTC_3fdd5 -rdynamic -lpthreads 
/usr/bin/ld: -lpthreads が見つかりません
collect2: error: ld returned 1 exit status
CMakeFiles/cmTC_3fdd5.dir/build.make:97: ターゲット 'cmTC_3fdd5' のレシピで失敗しました
make[1]: *** [cmTC_3fdd5] エラー 1
make[1]: ディレクトリ '/home/automanuser/3d_labeling_tools/cpp/build/CMakeFiles/CMakeTmp' から出ます
Makefile:126: ターゲット 'cmTC_3fdd5/fast' のレシピで失敗しました
make: *** [cmTC_3fdd5/fast] エラー 2


